Connecting to database specified by database.yml
  [1m[36m (0.1ms)[0m  [1mSELECT "schema_migrations"."version" FROM "schema_migrations" [0m
Migrating to CreateMovies (20111119180638)
  [1m[35m (0.1ms)[0m  select sqlite_version(*)
  [1m[36m (0.2ms)[0m  [1mSELECT "schema_migrations"."version" FROM "schema_migrations" [0m
Connecting to database specified by database.yml
  [1m[36m (0.1ms)[0m  [1mSELECT "schema_migrations"."version" FROM "schema_migrations" [0m
  [1m[35m (0.5ms)[0m  select sqlite_version(*)
  [1m[36m (15.8ms)[0m  [1mCREATE TABLE "movies" ("id" INTEGER PRIMARY KEY AUTOINCREMENT NOT NULL, "title" varchar(255), "rating" varchar(255), "description" text, "release_date" datetime, "created_at" datetime, "updated_at" datetime) [0m
  [1m[35m (10.8ms)[0m  CREATE TABLE "schema_migrations" ("version" varchar(255) NOT NULL) 
  [1m[36m (14.6ms)[0m  [1mCREATE UNIQUE INDEX "unique_schema_migrations" ON "schema_migrations" ("version")[0m
  [1m[35m (0.1ms)[0m  SELECT version FROM "schema_migrations"
  [1m[36m (10.3ms)[0m  [1mINSERT INTO "schema_migrations" (version) VALUES ('20120130161449')[0m
  [1m[35m (8.6ms)[0m  INSERT INTO "schema_migrations" (version) VALUES ('20111119180638')
Connecting to database specified by database.yml
  [1m[36m (0.1ms)[0m  [1mSELECT "schema_migrations"."version" FROM "schema_migrations" [0m
  [1m[35m (0.4ms)[0m  select sqlite_version(*)
  [1m[36m (14.8ms)[0m  [1mCREATE TABLE "movies" ("id" INTEGER PRIMARY KEY AUTOINCREMENT NOT NULL, "title" varchar(255), "rating" varchar(255), "description" text, "release_date" datetime, "created_at" datetime, "updated_at" datetime) [0m
  [1m[35m (14.7ms)[0m  CREATE TABLE "schema_migrations" ("version" varchar(255) NOT NULL) 
  [1m[36m (13.3ms)[0m  [1mCREATE UNIQUE INDEX "unique_schema_migrations" ON "schema_migrations" ("version")[0m
  [1m[35m (0.2ms)[0m  SELECT version FROM "schema_migrations"
  [1m[36m (6.4ms)[0m  [1mINSERT INTO "schema_migrations" (version) VALUES ('20120130161449')[0m
  [1m[35m (7.2ms)[0m  INSERT INTO "schema_migrations" (version) VALUES ('20111119180638')
Connecting to database specified by database.yml
Connecting to database specified by database.yml
  [1m[36m (0.2ms)[0m  [1mSELECT "schema_migrations"."version" FROM "schema_migrations" [0m
Migrating to CreateMovies (20111119180638)
Migrating to AddDirectorToMovie (20160401054510)
  [1m[35m (0.1ms)[0m  select sqlite_version(*)
  [1m[36m (0.1ms)[0m  [1mbegin transaction[0m
  [1m[35m (0.7ms)[0m  ALTER TABLE "movies" ADD "director" varchar(255)
  [1m[36m (0.1ms)[0m  [1mINSERT INTO "schema_migrations" ("version") VALUES ('20160401054510')[0m
  [1m[35m (13.5ms)[0m  commit transaction
  [1m[36m (0.2ms)[0m  [1mSELECT "schema_migrations"."version" FROM "schema_migrations" [0m
Connecting to database specified by database.yml
  [1m[36m (0.1ms)[0m  [1mSELECT "schema_migrations"."version" FROM "schema_migrations" [0m
  [1m[35m (0.3ms)[0m  select sqlite_version(*)
  [1m[36m (17.7ms)[0m  [1mCREATE TABLE "movies" ("id" INTEGER PRIMARY KEY AUTOINCREMENT NOT NULL, "title" varchar(255), "rating" varchar(255), "description" text, "release_date" datetime, "created_at" datetime, "updated_at" datetime, "director" varchar(255)) [0m
  [1m[35m (11.3ms)[0m  CREATE TABLE "schema_migrations" ("version" varchar(255) NOT NULL) 
  [1m[36m (10.9ms)[0m  [1mCREATE UNIQUE INDEX "unique_schema_migrations" ON "schema_migrations" ("version")[0m
  [1m[35m (0.2ms)[0m  SELECT version FROM "schema_migrations"
  [1m[36m (11.4ms)[0m  [1mINSERT INTO "schema_migrations" (version) VALUES ('20160401054510')[0m
  [1m[35m (11.0ms)[0m  INSERT INTO "schema_migrations" (version) VALUES ('20111119180638')
Connecting to database specified by database.yml
  [1m[36m (0.1ms)[0m  [1mSELECT "schema_migrations"."version" FROM "schema_migrations" [0m
  [1m[35m (0.3ms)[0m  select sqlite_version(*)
  [1m[36m (21.2ms)[0m  [1mCREATE TABLE "movies" ("id" INTEGER PRIMARY KEY AUTOINCREMENT NOT NULL, "title" varchar(255), "rating" varchar(255), "description" text, "release_date" datetime, "created_at" datetime, "updated_at" datetime, "director" varchar(255)) [0m
  [1m[35m (17.1ms)[0m  CREATE TABLE "schema_migrations" ("version" varchar(255) NOT NULL) 
  [1m[36m (11.6ms)[0m  [1mCREATE UNIQUE INDEX "unique_schema_migrations" ON "schema_migrations" ("version")[0m
  [1m[35m (0.1ms)[0m  SELECT version FROM "schema_migrations"
  [1m[36m (10.3ms)[0m  [1mINSERT INTO "schema_migrations" (version) VALUES ('20160401054510')[0m
  [1m[35m (9.1ms)[0m  INSERT INTO "schema_migrations" (version) VALUES ('20111119180638')
Connecting to database specified by database.yml
  [1m[36m (0.2ms)[0m  [1mSELECT "schema_migrations"."version" FROM "schema_migrations" [0m
  [1m[35m (0.4ms)[0m  select sqlite_version(*)
  [1m[36m (15.1ms)[0m  [1mCREATE TABLE "movies" ("id" INTEGER PRIMARY KEY AUTOINCREMENT NOT NULL, "title" varchar(255), "rating" varchar(255), "description" text, "release_date" datetime, "created_at" datetime, "updated_at" datetime, "director" varchar(255)) [0m
  [1m[35m (13.6ms)[0m  CREATE TABLE "schema_migrations" ("version" varchar(255) NOT NULL) 
  [1m[36m (16.0ms)[0m  [1mCREATE UNIQUE INDEX "unique_schema_migrations" ON "schema_migrations" ("version")[0m
  [1m[35m (0.2ms)[0m  SELECT version FROM "schema_migrations"
  [1m[36m (11.2ms)[0m  [1mINSERT INTO "schema_migrations" (version) VALUES ('20160401054510')[0m
  [1m[35m (10.6ms)[0m  INSERT INTO "schema_migrations" (version) VALUES ('20111119180638')


Started GET "/" for 50.24.197.85 at 2016-04-02 01:35:52 +0000
Connecting to database specified by database.yml


Started GET "/movies" for 50.24.197.85 at 2016-04-02 01:35:54 +0000
Processing by MoviesController#index as HTML
  [1m[36mMovie Load (0.6ms)[0m  [1mSELECT "movies".* FROM "movies" WHERE "movies"."rating" IN ('G', 'PG', 'PG-13', 'NC-17', 'R')[0m
  Rendered movies/index.html.haml within layouts/application (32.1ms)
Compiled application.css  (0ms)  (pid 14426)
Compiled jquery.js  (4ms)  (pid 14426)
Compiled jquery_ujs.js  (0ms)  (pid 14426)
Compiled application.js  (28ms)  (pid 14426)
Completed 200 OK in 210.5ms (Views: 126.3ms | ActiveRecord: 5.0ms)


Started GET "/assets/application.css?body=1" for 50.24.197.85 at 2016-04-02 01:35:54 +0000
Served asset /application.css - 200 OK (3ms)


Started GET "/assets/jquery.js?body=1" for 50.24.197.85 at 2016-04-02 01:35:54 +0000
Served asset /jquery.js - 200 OK (4ms)


Started GET "/assets/jquery_ujs.js?body=1" for 50.24.197.85 at 2016-04-02 01:35:54 +0000
Served asset /jquery_ujs.js - 200 OK (4ms)


Started GET "/assets/application.js?body=1" for 50.24.197.85 at 2016-04-02 01:35:54 +0000
Served asset /application.js - 200 OK (11ms)


Started GET "/movies/11" for 50.24.197.85 at 2016-04-02 01:40:11 +0000
Processing by MoviesController#show as HTML
  Parameters: {"id"=>"11"}
  [1m[35mMovie Load (0.5ms)[0m  SELECT "movies".* FROM "movies" WHERE "movies"."id" = ? LIMIT 1  [["id", "11"]]
  Rendered movies/show.html.haml within layouts/application (6.2ms)
Completed 200 OK in 20.4ms (Views: 15.7ms | ActiveRecord: 0.5ms)


Started DELETE "/movies/11" for 50.24.197.85 at 2016-04-02 01:40:14 +0000
Processing by MoviesController#destroy as HTML
  Parameters: {"authenticity_token"=>"6mNIHZtzm9AKYpc0jY4QYIs/SV0AoPr5f/yi0OhbZJQ=", "id"=>"11"}
  [1m[36mMovie Load (0.3ms)[0m  [1mSELECT "movies".* FROM "movies" WHERE "movies"."id" = ? LIMIT 1[0m  [["id", "11"]]
  [1m[35m (0.1ms)[0m  begin transaction
  [1m[36mSQL (15.8ms)[0m  [1mDELETE FROM "movies" WHERE "movies"."id" = ?[0m  [["id", 11]]
  [1m[35m (23.5ms)[0m  commit transaction
Redirected to https://bddtddcycle-burakkalac.c9users.io/movies
Completed 302 Found in 44.5ms (ActiveRecord: 39.7ms)


Started GET "/movies" for 50.24.197.85 at 2016-04-02 01:40:14 +0000
Processing by MoviesController#index as HTML
  [1m[36mMovie Load (0.8ms)[0m  [1mSELECT "movies".* FROM "movies" WHERE "movies"."rating" IN ('G', 'PG', 'PG-13', 'NC-17', 'R')[0m
  Rendered movies/index.html.haml within layouts/application (22.1ms)
Completed 200 OK in 35.5ms (Views: 32.4ms | ActiveRecord: 0.8ms)


Started GET "/movies/12" for 50.24.197.85 at 2016-04-02 01:40:18 +0000
Processing by MoviesController#show as HTML
  Parameters: {"id"=>"12"}
  [1m[35mMovie Load (0.2ms)[0m  SELECT "movies".* FROM "movies" WHERE "movies"."id" = ? LIMIT 1  [["id", "12"]]
  Rendered movies/show.html.haml within layouts/application (1.8ms)
Completed 200 OK in 10.4ms (Views: 9.2ms | ActiveRecord: 0.2ms)


Started DELETE "/movies/12" for 50.24.197.85 at 2016-04-02 01:40:21 +0000
Processing by MoviesController#destroy as HTML
  Parameters: {"authenticity_token"=>"6mNIHZtzm9AKYpc0jY4QYIs/SV0AoPr5f/yi0OhbZJQ=", "id"=>"12"}
  [1m[36mMovie Load (0.2ms)[0m  [1mSELECT "movies".* FROM "movies" WHERE "movies"."id" = ? LIMIT 1[0m  [["id", "12"]]
  [1m[35m (0.1ms)[0m  begin transaction
  [1m[36mSQL (0.5ms)[0m  [1mDELETE FROM "movies" WHERE "movies"."id" = ?[0m  [["id", 12]]
  [1m[35m (12.2ms)[0m  commit transaction
Redirected to https://bddtddcycle-burakkalac.c9users.io/movies
Completed 302 Found in 16.1ms (ActiveRecord: 13.0ms)


Started GET "/movies" for 50.24.197.85 at 2016-04-02 01:40:21 +0000
Processing by MoviesController#index as HTML
  [1m[36mMovie Load (0.6ms)[0m  [1mSELECT "movies".* FROM "movies" WHERE "movies"."rating" IN ('G', 'PG', 'PG-13', 'NC-17', 'R')[0m
  Rendered movies/index.html.haml within layouts/application (14.3ms)
Completed 200 OK in 28.5ms (Views: 25.3ms | ActiveRecord: 0.6ms)


Started GET "/movies/13" for 50.24.197.85 at 2016-04-02 01:40:26 +0000
Processing by MoviesController#show as HTML
  Parameters: {"id"=>"13"}
  [1m[35mMovie Load (0.3ms)[0m  SELECT "movies".* FROM "movies" WHERE "movies"."id" = ? LIMIT 1  [["id", "13"]]
  Rendered movies/show.html.haml within layouts/application (2.7ms)
Completed 200 OK in 14.6ms (Views: 13.2ms | ActiveRecord: 0.3ms)


Started DELETE "/movies/13" for 50.24.197.85 at 2016-04-02 01:40:29 +0000
Processing by MoviesController#destroy as HTML
  Parameters: {"authenticity_token"=>"6mNIHZtzm9AKYpc0jY4QYIs/SV0AoPr5f/yi0OhbZJQ=", "id"=>"13"}
  [1m[36mMovie Load (0.2ms)[0m  [1mSELECT "movies".* FROM "movies" WHERE "movies"."id" = ? LIMIT 1[0m  [["id", "13"]]
  [1m[35m (0.1ms)[0m  begin transaction
  [1m[36mSQL (0.3ms)[0m  [1mDELETE FROM "movies" WHERE "movies"."id" = ?[0m  [["id", 13]]
  [1m[35m (12.5ms)[0m  commit transaction
Redirected to https://bddtddcycle-burakkalac.c9users.io/movies
Completed 302 Found in 15.6ms (ActiveRecord: 13.2ms)


Started GET "/movies" for 50.24.197.85 at 2016-04-02 01:40:29 +0000
Processing by MoviesController#index as HTML
  [1m[36mMovie Load (0.6ms)[0m  [1mSELECT "movies".* FROM "movies" WHERE "movies"."rating" IN ('G', 'PG', 'PG-13', 'NC-17', 'R')[0m
  Rendered movies/index.html.haml within layouts/application (16.7ms)
Completed 200 OK in 34.4ms (Views: 31.2ms | ActiveRecord: 0.6ms)


Started GET "/movies/14" for 50.24.197.85 at 2016-04-02 01:40:45 +0000
Processing by MoviesController#show as HTML
  Parameters: {"id"=>"14"}
  [1m[35mMovie Load (0.3ms)[0m  SELECT "movies".* FROM "movies" WHERE "movies"."id" = ? LIMIT 1  [["id", "14"]]
  Rendered movies/show.html.haml within layouts/application (2.9ms)
Completed 200 OK in 12.1ms (Views: 10.2ms | ActiveRecord: 0.3ms)


Started DELETE "/movies/14" for 50.24.197.85 at 2016-04-02 01:40:48 +0000
Processing by MoviesController#destroy as HTML
  Parameters: {"authenticity_token"=>"6mNIHZtzm9AKYpc0jY4QYIs/SV0AoPr5f/yi0OhbZJQ=", "id"=>"14"}
  [1m[36mMovie Load (0.3ms)[0m  [1mSELECT "movies".* FROM "movies" WHERE "movies"."id" = ? LIMIT 1[0m  [["id", "14"]]
  [1m[35m (0.1ms)[0m  begin transaction
  [1m[36mSQL (2.0ms)[0m  [1mDELETE FROM "movies" WHERE "movies"."id" = ?[0m  [["id", 14]]
  [1m[35m (15.6ms)[0m  commit transaction
Redirected to https://bddtddcycle-burakkalac.c9users.io/movies
Completed 302 Found in 21.5ms (ActiveRecord: 18.0ms)


Started GET "/movies" for 50.24.197.85 at 2016-04-02 01:40:49 +0000
Processing by MoviesController#index as HTML
  [1m[36mMovie Load (3.4ms)[0m  [1mSELECT "movies".* FROM "movies" WHERE "movies"."rating" IN ('G', 'PG', 'PG-13', 'NC-17', 'R')[0m
  Rendered movies/index.html.haml within layouts/application (17.8ms)
Completed 200 OK in 36.0ms (Views: 30.0ms | ActiveRecord: 3.4ms)


Started GET "/movies/15" for 50.24.197.85 at 2016-04-02 01:41:02 +0000
Processing by MoviesController#show as HTML
  Parameters: {"id"=>"15"}
  [1m[35mMovie Load (0.2ms)[0m  SELECT "movies".* FROM "movies" WHERE "movies"."id" = ? LIMIT 1  [["id", "15"]]
  Rendered movies/show.html.haml within layouts/application (2.1ms)
Completed 200 OK in 11.0ms (Views: 9.2ms | ActiveRecord: 0.2ms)


Started DELETE "/movies/15" for 50.24.197.85 at 2016-04-02 01:41:05 +0000
Processing by MoviesController#destroy as HTML
  Parameters: {"authenticity_token"=>"6mNIHZtzm9AKYpc0jY4QYIs/SV0AoPr5f/yi0OhbZJQ=", "id"=>"15"}
  [1m[36mMovie Load (0.2ms)[0m  [1mSELECT "movies".* FROM "movies" WHERE "movies"."id" = ? LIMIT 1[0m  [["id", "15"]]
  [1m[35m (0.1ms)[0m  begin transaction
  [1m[36mSQL (0.3ms)[0m  [1mDELETE FROM "movies" WHERE "movies"."id" = ?[0m  [["id", 15]]
  [1m[35m (7.5ms)[0m  commit transaction
Redirected to https://bddtddcycle-burakkalac.c9users.io/movies
Completed 302 Found in 10.2ms (ActiveRecord: 8.1ms)


Started GET "/movies" for 50.24.197.85 at 2016-04-02 01:41:05 +0000
Processing by MoviesController#index as HTML
  [1m[36mMovie Load (0.7ms)[0m  [1mSELECT "movies".* FROM "movies" WHERE "movies"."rating" IN ('G', 'PG', 'PG-13', 'NC-17', 'R')[0m
  Rendered movies/index.html.haml within layouts/application (11.8ms)
Completed 200 OK in 25.4ms (Views: 22.3ms | ActiveRecord: 0.7ms)


Started GET "/movies/16" for 50.24.197.85 at 2016-04-02 01:41:07 +0000
Processing by MoviesController#show as HTML
  Parameters: {"id"=>"16"}
  [1m[35mMovie Load (0.2ms)[0m  SELECT "movies".* FROM "movies" WHERE "movies"."id" = ? LIMIT 1  [["id", "16"]]
  Rendered movies/show.html.haml within layouts/application (2.5ms)
Completed 200 OK in 16.2ms (Views: 14.8ms | ActiveRecord: 0.2ms)


Started DELETE "/movies/16" for 50.24.197.85 at 2016-04-02 01:41:10 +0000
Processing by MoviesController#destroy as HTML
  Parameters: {"authenticity_token"=>"6mNIHZtzm9AKYpc0jY4QYIs/SV0AoPr5f/yi0OhbZJQ=", "id"=>"16"}
  [1m[36mMovie Load (0.4ms)[0m  [1mSELECT "movies".* FROM "movies" WHERE "movies"."id" = ? LIMIT 1[0m  [["id", "16"]]
  [1m[35m (0.1ms)[0m  begin transaction
  [1m[36mSQL (0.9ms)[0m  [1mDELETE FROM "movies" WHERE "movies"."id" = ?[0m  [["id", 16]]
  [1m[35m (12.4ms)[0m  commit transaction
Redirected to https://bddtddcycle-burakkalac.c9users.io/movies
Completed 302 Found in 18.7ms (ActiveRecord: 13.7ms)


Started GET "/movies" for 50.24.197.85 at 2016-04-02 01:41:10 +0000
Processing by MoviesController#index as HTML
  [1m[36mMovie Load (0.5ms)[0m  [1mSELECT "movies".* FROM "movies" WHERE "movies"."rating" IN ('G', 'PG', 'PG-13', 'NC-17', 'R')[0m
  Rendered movies/index.html.haml within layouts/application (11.1ms)
Completed 200 OK in 33.8ms (Views: 22.3ms | ActiveRecord: 0.5ms)


Started GET "/movies/17" for 50.24.197.85 at 2016-04-02 01:41:16 +0000
Processing by MoviesController#show as HTML
  Parameters: {"id"=>"17"}
  [1m[35mMovie Load (0.2ms)[0m  SELECT "movies".* FROM "movies" WHERE "movies"."id" = ? LIMIT 1  [["id", "17"]]
  Rendered movies/show.html.haml within layouts/application (7.9ms)
Completed 200 OK in 27.2ms (Views: 25.6ms | ActiveRecord: 0.2ms)


Started DELETE "/movies/17" for 50.24.197.85 at 2016-04-02 01:41:19 +0000
Processing by MoviesController#destroy as HTML
  Parameters: {"authenticity_token"=>"6mNIHZtzm9AKYpc0jY4QYIs/SV0AoPr5f/yi0OhbZJQ=", "id"=>"17"}
  [1m[36mMovie Load (0.2ms)[0m  [1mSELECT "movies".* FROM "movies" WHERE "movies"."id" = ? LIMIT 1[0m  [["id", "17"]]
  [1m[35m (0.2ms)[0m  begin transaction
  [1m[36mSQL (0.4ms)[0m  [1mDELETE FROM "movies" WHERE "movies"."id" = ?[0m  [["id", 17]]
  [1m[35m (17.6ms)[0m  commit transaction
Redirected to https://bddtddcycle-burakkalac.c9users.io/movies
Completed 302 Found in 22.2ms (ActiveRecord: 18.3ms)


Started GET "/movies" for 50.24.197.85 at 2016-04-02 01:41:19 +0000
Processing by MoviesController#index as HTML
  [1m[36mMovie Load (0.5ms)[0m  [1mSELECT "movies".* FROM "movies" WHERE "movies"."rating" IN ('G', 'PG', 'PG-13', 'NC-17', 'R')[0m
  Rendered movies/index.html.haml within layouts/application (10.5ms)
Completed 200 OK in 22.2ms (Views: 19.6ms | ActiveRecord: 0.5ms)


Started GET "/movies/18" for 50.24.197.85 at 2016-04-02 01:41:21 +0000
Processing by MoviesController#show as HTML
  Parameters: {"id"=>"18"}
  [1m[35mMovie Load (0.2ms)[0m  SELECT "movies".* FROM "movies" WHERE "movies"."id" = ? LIMIT 1  [["id", "18"]]
  Rendered movies/show.html.haml within layouts/application (2.5ms)
Completed 200 OK in 14.5ms (Views: 12.9ms | ActiveRecord: 0.2ms)


Started DELETE "/movies/18" for 50.24.197.85 at 2016-04-02 01:41:24 +0000
Processing by MoviesController#destroy as HTML
  Parameters: {"authenticity_token"=>"6mNIHZtzm9AKYpc0jY4QYIs/SV0AoPr5f/yi0OhbZJQ=", "id"=>"18"}
  [1m[36mMovie Load (0.2ms)[0m  [1mSELECT "movies".* FROM "movies" WHERE "movies"."id" = ? LIMIT 1[0m  [["id", "18"]]
  [1m[35m (0.1ms)[0m  begin transaction
  [1m[36mSQL (0.5ms)[0m  [1mDELETE FROM "movies" WHERE "movies"."id" = ?[0m  [["id", 18]]
  [1m[35m (7.7ms)[0m  commit transaction
Redirected to https://bddtddcycle-burakkalac.c9users.io/movies
Completed 302 Found in 11.6ms (ActiveRecord: 8.5ms)


Started GET "/movies" for 50.24.197.85 at 2016-04-02 01:41:24 +0000
Processing by MoviesController#index as HTML
  [1m[36mMovie Load (0.6ms)[0m  [1mSELECT "movies".* FROM "movies" WHERE "movies"."rating" IN ('G', 'PG', 'PG-13', 'NC-17', 'R')[0m
  Rendered movies/index.html.haml within layouts/application (8.3ms)
Completed 200 OK in 17.7ms (Views: 15.1ms | ActiveRecord: 0.6ms)


Started GET "/movies/19" for 50.24.197.85 at 2016-04-02 01:41:27 +0000
Processing by MoviesController#show as HTML
  Parameters: {"id"=>"19"}
  [1m[35mMovie Load (0.3ms)[0m  SELECT "movies".* FROM "movies" WHERE "movies"."id" = ? LIMIT 1  [["id", "19"]]
  Rendered movies/show.html.haml within layouts/application (3.0ms)
Completed 200 OK in 14.5ms (Views: 12.8ms | ActiveRecord: 0.3ms)


Started DELETE "/movies/19" for 50.24.197.85 at 2016-04-02 01:41:31 +0000
Processing by MoviesController#destroy as HTML
  Parameters: {"authenticity_token"=>"6mNIHZtzm9AKYpc0jY4QYIs/SV0AoPr5f/yi0OhbZJQ=", "id"=>"19"}
  [1m[36mMovie Load (0.3ms)[0m  [1mSELECT "movies".* FROM "movies" WHERE "movies"."id" = ? LIMIT 1[0m  [["id", "19"]]
  [1m[35m (0.1ms)[0m  begin transaction
  [1m[36mSQL (0.4ms)[0m  [1mDELETE FROM "movies" WHERE "movies"."id" = ?[0m  [["id", 19]]
  [1m[35m (13.3ms)[0m  commit transaction
Redirected to https://bddtddcycle-burakkalac.c9users.io/movies
Completed 302 Found in 18.1ms (ActiveRecord: 14.1ms)


Started GET "/movies" for 50.24.197.85 at 2016-04-02 01:41:31 +0000
Processing by MoviesController#index as HTML
  [1m[36mMovie Load (0.5ms)[0m  [1mSELECT "movies".* FROM "movies" WHERE "movies"."rating" IN ('G', 'PG', 'PG-13', 'NC-17', 'R')[0m
  Rendered movies/index.html.haml within layouts/application (13.5ms)
Completed 200 OK in 25.4ms (Views: 23.1ms | ActiveRecord: 0.5ms)


Started GET "/movies/20" for 50.24.197.85 at 2016-04-02 01:41:34 +0000
Processing by MoviesController#show as HTML
  Parameters: {"id"=>"20"}
  [1m[35mMovie Load (0.4ms)[0m  SELECT "movies".* FROM "movies" WHERE "movies"."id" = ? LIMIT 1  [["id", "20"]]
  Rendered movies/show.html.haml within layouts/application (6.4ms)
Completed 200 OK in 19.8ms (Views: 18.2ms | ActiveRecord: 0.4ms)


Started DELETE "/movies/20" for 50.24.197.85 at 2016-04-02 01:41:37 +0000
Processing by MoviesController#destroy as HTML
  Parameters: {"authenticity_token"=>"6mNIHZtzm9AKYpc0jY4QYIs/SV0AoPr5f/yi0OhbZJQ=", "id"=>"20"}
  [1m[36mMovie Load (0.3ms)[0m  [1mSELECT "movies".* FROM "movies" WHERE "movies"."id" = ? LIMIT 1[0m  [["id", "20"]]
  [1m[35m (0.2ms)[0m  begin transaction
  [1m[36mSQL (0.7ms)[0m  [1mDELETE FROM "movies" WHERE "movies"."id" = ?[0m  [["id", 20]]
  [1m[35m (24.9ms)[0m  commit transaction
Redirected to https://bddtddcycle-burakkalac.c9users.io/movies
Completed 302 Found in 33.8ms (ActiveRecord: 26.1ms)


Started GET "/movies" for 50.24.197.85 at 2016-04-02 01:41:37 +0000
Processing by MoviesController#index as HTML
  [1m[36mMovie Load (0.6ms)[0m  [1mSELECT "movies".* FROM "movies" WHERE "movies"."rating" IN ('G', 'PG', 'PG-13', 'NC-17', 'R')[0m
  Rendered movies/index.html.haml within layouts/application (18.6ms)
Completed 200 OK in 42.3ms (Views: 39.1ms | ActiveRecord: 0.6ms)


Started GET "/" for 50.24.197.85 at 2016-04-02 01:49:20 +0000
Connecting to database specified by database.yml


Started GET "/movies" for 50.24.197.85 at 2016-04-02 01:49:21 +0000
Processing by MoviesController#index as HTML
  [1m[36mMovie Load (0.5ms)[0m  [1mSELECT "movies".* FROM "movies" WHERE "movies"."rating" IN ('G', 'PG', 'PG-13', 'NC-17', 'R')[0m
  Rendered movies/index.html.haml within layouts/application (34.9ms)
Completed 200 OK in 276.7ms (Views: 98.0ms | ActiveRecord: 11.8ms)
